<?xml version="1.0" encoding="UTF-8" ?>
<testsuite failures="0" time="2.661" errors="0" skipped="0" tests="2" name="com.share.pss.service.DepartmentServiceTest">
  <properties>
    <property name="java.runtime.name" value="Java(TM) SE Runtime Environment"/>
    <property name="sun.boot.library.path" value="D:\TechSoft\jdk7\jre\bin"/>
    <property name="java.vm.version" value="24.80-b11"/>
    <property name="java.vm.vendor" value="Oracle Corporation"/>
    <property name="maven.multiModuleProjectDirectory" value="E:\ITsource\9.27java\eclipse\Workspace-maven\zxl-pss"/>
    <property name="java.vendor.url" value="http://java.oracle.com/"/>
    <property name="path.separator" value=";"/>
    <property name="guice.disable.misplaced.annotation.check" value="true"/>
    <property name="java.vm.name" value="Java HotSpot(TM) 64-Bit Server VM"/>
    <property name="file.encoding.pkg" value="sun.io"/>
    <property name="user.script" value=""/>
    <property name="user.country" value="CN"/>
    <property name="sun.java.launcher" value="SUN_STANDARD"/>
    <property name="sun.os.patch.level" value="Service Pack 1"/>
    <property name="java.vm.specification.name" value="Java Virtual Machine Specification"/>
    <property name="user.dir" value="E:\ITsource\9.27java\eclipse\Workspace-maven\zxl-pss"/>
    <property name="java.runtime.version" value="1.7.0_80-b15"/>
    <property name="java.awt.graphicsenv" value="sun.awt.Win32GraphicsEnvironment"/>
    <property name="java.endorsed.dirs" value="D:\TechSoft\jdk7\jre\lib\endorsed"/>
    <property name="os.arch" value="amd64"/>
    <property name="java.io.tmpdir" value="C:\Windows\TEMP\"/>
    <property name="line.separator" value="
"/>
    <property name="java.vm.specification.vendor" value="Oracle Corporation"/>
    <property name="user.variant" value=""/>
    <property name="os.name" value="Windows 7"/>
    <property name="classworlds.conf" value="E:\ITsource\9.27java\eclipse\Workspace-maven\.metadata\.plugins\org.eclipse.m2e.launching\launches\m2conf6250588922221423074.tmp"/>
    <property name="sun.jnu.encoding" value="GBK"/>
    <property name="java.library.path" value="D:\TechSoft\jdk7\bin;C:\Windows\Sun\Java\bin;C:\Windows\system32;C:\Windows;D:\TechSoft\Oracle-Database\Oracle11g-Client\product\11.2.0\client_1\bin;D:\TechSoft\Oracle-Database\Oracle10g-Client\product\10.2.0\client_1\bin;D:\TechSoft\Oracle-Database\Oracle10g\product\10.2.0\db_1\bin;D:\TechSoft\Oracle-Database\Oracle11g\product\11.2.0\dbhome_1\bin;C:\ProgramData\Oracle\Java\javapath;C:\Program Files (x86)\Common Files\NetSarang;C:\Windows\system32;C:\Windows;C:\Windows\System32\Wbem;C:\Windows\System32\WindowsPowerShell\v1.0\;D:\TechSoft\MySQL\bin;C:\Program Files (x86)\Rational\common;C:\Program Files\TortoiseSVN\bin;C:\Program Files (x86)\NVIDIA Corporation\PhysX\Common;D:\TechSoft\MySQL5.5\bin;D:\TechSoft\MySQL-Community\MySQL Servers\MySQL Server 5.5\bin;D:\TechSoft\eclipse\eclipse_jar\apache-cxf-2.6.2\bin;D:\TechSoft\jdk7\bin;D:\TechSoft\Maven3.5.2\apache-maven-3.5.2\bin;%MYSQL_HOME\bin%;;."/>
    <property name="java.specification.name" value="Java Platform API Specification"/>
    <property name="java.class.version" value="51.0"/>
    <property name="sun.management.compiler" value="HotSpot 64-Bit Tiered Compilers"/>
    <property name="os.version" value="6.1"/>
    <property name="user.home" value="C:\Users\Administrator"/>
    <property name="user.timezone" value="Asia/Shanghai"/>
    <property name="java.awt.printerjob" value="sun.awt.windows.WPrinterJob"/>
    <property name="java.specification.version" value="1.7"/>
    <property name="file.encoding" value="UTF-8"/>
    <property name="user.name" value="Administrator"/>
    <property name="java.class.path" value="D:\TechSoft\Maven3.5.2\apache-maven-3.5.2\boot\plexus-classworlds-2.5.2.jar"/>
    <property name="java.vm.specification.version" value="1.7"/>
    <property name="sun.arch.data.model" value="64"/>
    <property name="java.home" value="D:\TechSoft\jdk7\jre"/>
    <property name="sun.java.command" value="org.codehaus.plexus.classworlds.launcher.Launcher -B -s C:\Users\Administrator\.m2\settings.xml test"/>
    <property name="java.specification.vendor" value="Oracle Corporation"/>
    <property name="user.language" value="zh"/>
    <property name="awt.toolkit" value="sun.awt.windows.WToolkit"/>
    <property name="java.vm.info" value="mixed mode"/>
    <property name="java.version" value="1.7.0_80"/>
    <property name="java.ext.dirs" value="D:\TechSoft\jdk7\jre\lib\ext;C:\Windows\Sun\Java\lib\ext"/>
    <property name="sun.boot.class.path" value="D:\TechSoft\jdk7\jre\lib\resources.jar;D:\TechSoft\jdk7\jre\lib\rt.jar;D:\TechSoft\jdk7\jre\lib\sunrsasign.jar;D:\TechSoft\jdk7\jre\lib\jsse.jar;D:\TechSoft\jdk7\jre\lib\jce.jar;D:\TechSoft\jdk7\jre\lib\charsets.jar;D:\TechSoft\jdk7\jre\lib\jfr.jar;D:\TechSoft\jdk7\jre\classes"/>
    <property name="java.vendor" value="Oracle Corporation"/>
    <property name="maven.home" value="D:\TechSoft\Maven3.5.2\apache-maven-3.5.2"/>
    <property name="file.separator" value="\"/>
    <property name="java.vendor.url.bug" value="http://bugreport.sun.com/bugreport/"/>
    <property name="sun.cpu.endian" value="little"/>
    <property name="sun.io.unicode.encoding" value="UnicodeLittle"/>
    <property name="sun.desktop" value="windows"/>
    <property name="sun.cpu.isalist" value="amd64"/>
  </properties>
  <testcase time="2.646" classname="com.share.pss.service.DepartmentServiceTest" name="testQuery"/>
  <testcase time="0.015" classname="com.share.pss.service.DepartmentServiceTest" name="testCRUD"/>
</testsuite>